[INFO ] 2022-08-26 15:38:12.163 [main] Log4j - Verifying impact in the application 
[INFO ] 2022-08-26 15:44:35.257 [main] Log4j - Verifying impact in the application 
[INFO ] 2022-08-26 16:31:01.643 [main] Log4j - Verifying impact in the application 
[INFO ] 2022-08-26 16:31:32.569 [main] Log4j - Verifying impact in the application 
[INFO ] 2022-08-26 17:06:17.182 [main] Log4j - Verifying login in the application 
[INFO ] 2022-08-26 17:06:20.184 [main] Log4j - verifing language in the application
[INFO ] 2022-08-26 17:06:21.344 [main] Log4j - verifing contacts in the application
[INFO ] 2022-08-26 17:06:22.544 [main] Log4j - verifing Shop product in the application
[INFO ] 2022-08-26 17:06:25.032 [main] Log4j - verifing Commitment in the application
[INFO ] 2022-08-26 17:06:27.738 [main] Log4j - verifing Coupons in the application
[INFO ] 2022-08-26 17:06:29.963 [main] Log4j - verifing Search in the application
[INFO ] 2022-08-26 17:06:30.241 [main] Log4j - verifing Coupons in the application
[INFO ] 2022-08-26 17:06:34.713 [main] Log4j - verifing WhatsNew in the application
[INFO ] 2022-08-26 17:06:36.352 [main] Log4j - verifing FaceBook in the application
[INFO ] 2022-08-26 17:06:40.405 [main] Log4j - verifing Footer in the application
[INFO ] 2022-08-26 17:11:00.482 [main] Log4j - Verifying login in the application 
[INFO ] 2022-08-26 17:11:03.588 [main] Log4j - verifing language in the application
[INFO ] 2022-08-26 17:11:04.801 [main] Log4j - verifing contacts in the application
[INFO ] 2022-08-26 17:11:05.938 [main] Log4j - verifing Shop product in the application
[INFO ] 2022-08-26 17:11:10.648 [main] Log4j - verifing Commitment in the application
[INFO ] 2022-08-26 17:11:13.334 [main] Log4j - verifing Coupons in the application
[INFO ] 2022-08-26 17:11:16.086 [main] Log4j - verifing Search in the application
[INFO ] 2022-08-26 17:11:16.292 [main] Log4j - verifing Coupons in the application
[INFO ] 2022-08-26 17:11:19.670 [main] Log4j - verifing WhatsNew in the application
[INFO ] 2022-08-26 17:11:21.275 [main] Log4j - verifing Footer in the application
[INFO ] 2022-08-26 17:11:22.203 [main] Log4j - verifing FaceBook in the application
[INFO ] 2022-08-26 17:13:10.982 [main] Log4j - verifing Search in the application
[INFO ] 2022-08-26 17:13:12.041 [main] Log4j - verifing FaceBook in the application
[INFO ] 2022-08-26 17:15:18.479 [main] Log4j - verifing Search in the application
[INFO ] 2022-08-26 17:15:19.641 [main] Log4j - verifing FaceBook in the application
[INFO ] 2022-08-26 19:27:59.291 [main] Log4j - verifing Search in the application
[INFO ] 2022-08-26 19:28:00.489 [main] Log4j - verifing FaceBook in the application
[INFO ] 2022-08-27 10:49:30.135 [main] Log4j - Verifying login in the application 
[INFO ] 2022-08-27 10:51:01.639 [main] Log4j - verifing language in the application
[INFO ] 2022-08-27 10:51:09.485 [main] Log4j - verifing contacts in the application
[INFO ] 2022-08-27 10:51:12.722 [main] Log4j - verifing Shop product in the application
[INFO ] 2022-08-27 10:51:17.176 [main] Log4j - verifing Commitment in the application
[INFO ] 2022-08-27 10:51:19.806 [main] Log4j - verifing Coupons in the application
[INFO ] 2022-08-27 10:51:21.821 [main] Log4j - verifing Search in the application
[INFO ] 2022-08-27 10:51:22.021 [main] Log4j - verifing Coupons in the application
[INFO ] 2022-08-27 10:51:23.928 [main] Log4j - verifing WhatsNew in the application
[INFO ] 2022-08-27 10:51:25.320 [main] Log4j - verifing Footer in the application
[INFO ] 2022-08-27 10:51:26.176 [main] Log4j - verifing FaceBook in the application
[INFO ] 2022-08-27 10:56:40.924 [main] Log4j - Verifying login in the application 
[INFO ] 2022-08-27 10:56:43.420 [main] Log4j - verifing language in the application
[INFO ] 2022-08-27 10:56:44.586 [main] Log4j - verifing contacts in the application
[INFO ] 2022-08-27 10:56:45.754 [main] Log4j - verifing Shop product in the application
[INFO ] 2022-08-27 10:56:46.958 [main] Log4j - verifing Commitment in the application
[INFO ] 2022-08-27 10:56:49.626 [main] Log4j - verifing Coupons in the application
[INFO ] 2022-08-27 10:56:54.368 [main] Log4j - verifing Search in the application
[INFO ] 2022-08-27 10:56:56.209 [main] Log4j - verifing Coupons in the application
[INFO ] 2022-08-27 10:56:59.378 [main] Log4j - verifing WhatsNew in the application
[INFO ] 2022-08-27 10:57:00.655 [main] Log4j - verifing Footer in the application
[INFO ] 2022-08-27 10:57:01.560 [main] Log4j - verifing FaceBook in the application
[INFO ] 2022-08-27 10:58:34.145 [main] Log4j - Verifying login in the application 
[INFO ] 2022-08-27 10:58:37.306 [main] Log4j - verifing language in the application
[INFO ] 2022-08-27 10:58:38.548 [main] Log4j - verifing contacts in the application
[INFO ] 2022-08-27 10:58:39.708 [main] Log4j - verifing Shop product in the application
[INFO ] 2022-08-27 10:58:43.554 [main] Log4j - verifing Commitment in the application
[INFO ] 2022-08-27 10:58:45.954 [main] Log4j - verifing Coupons in the application
[INFO ] 2022-08-27 10:58:48.298 [main] Log4j - verifing Search in the application
[INFO ] 2022-08-27 10:58:49.807 [main] Log4j - verifing Coupons in the application
[INFO ] 2022-08-27 10:58:52.675 [main] Log4j - verifing WhatsNew in the application
[INFO ] 2022-08-27 10:58:54.044 [main] Log4j - verifing Footer in the application
[INFO ] 2022-08-27 10:58:55.081 [main] Log4j - verifing FaceBook in the application
[INFO ] 2022-08-27 11:03:28.089 [main] Log4j - verifing FaceBook in the application
[INFO ] 2022-08-27 11:04:53.643 [main] Log4j - verifing FaceBook in the application
[INFO ] 2022-08-27 11:10:06.331 [main] Log4j - verifing FaceBook in the application
[INFO ] 2022-08-27 11:10:10.267 [main] Log4j - Verifying login in the application 
[INFO ] 2022-08-27 11:10:11.407 [main] Log4j - verifing language in the application
[INFO ] 2022-08-27 11:10:12.569 [main] Log4j - verifing contacts in the application
[INFO ] 2022-08-27 11:10:15.543 [main] Log4j - verifing Shop product in the application
[INFO ] 2022-08-27 11:10:35.827 [main] Log4j - verifing Commitment in the application
[INFO ] 2022-08-27 11:10:38.847 [main] Log4j - verifing Coupons in the application
[INFO ] 2022-08-27 11:10:41.137 [main] Log4j - verifing Search in the application
[INFO ] 2022-08-27 11:10:42.741 [main] Log4j - verifing Coupons in the application
[INFO ] 2022-08-27 11:10:47.128 [main] Log4j - verifing WhatsNew in the application
[INFO ] 2022-08-27 11:10:48.595 [main] Log4j - verifing Footer in the application
